<?xml version="1.0" encoding="UTF-8"?>
<coverage generated="1692518256331" clover="3.2.0">
  <project timestamp="1692518256331" name="All files">
    <metrics statements="74" coveredstatements="59" conditionals="13" coveredconditionals="8" methods="9" coveredmethods="7" elements="96" coveredelements="74" complexity="0" loc="74" ncloc="74" packages="4" files="9" classes="9"/>
    <package name="src">
      <metrics statements="11" coveredstatements="11" conditionals="2" coveredconditionals="1" methods="1" coveredmethods="1"/>
      <file name="app.ts" path="C:\Users\luisr\OneDrive\Documents\L5-Mission1\TypeScript\src\app.ts">
        <metrics statements="11" coveredstatements="11" conditionals="2" coveredconditionals="1" methods="1" coveredmethods="1"/>
        <line num="1" count="1" type="stmt"/>
        <line num="2" count="1" type="stmt"/>
        <line num="4" count="1" type="stmt"/>
        <line num="5" count="1" type="stmt"/>
        <line num="6" count="1" type="stmt"/>
        <line num="7" count="1" type="stmt"/>
        <line num="9" count="1" type="cond" truecount="1" falsecount="1"/>
        <line num="12" count="1" type="stmt"/>
        <line num="15" count="1" type="stmt"/>
        <line num="16" count="1" type="stmt"/>
        <line num="19" count="1" type="stmt"/>
      </file>
    </package>
    <package name="src.Contollers">
      <metrics statements="29" coveredstatements="14" conditionals="8" coveredconditionals="4" methods="3" coveredmethods="1"/>
      <file name="api1Controller.ts" path="C:\Users\luisr\OneDrive\Documents\L5-Mission1\TypeScript\src\Contollers\api1Controller.ts">
        <metrics statements="12" coveredstatements="10" conditionals="5" coveredconditionals="4" methods="1" coveredmethods="1"/>
        <line num="2" count="1" type="stmt"/>
        <line num="3" count="1" type="stmt"/>
        <line num="7" count="1" type="stmt"/>
        <line num="8" count="1" type="stmt"/>
        <line num="9" count="1" type="stmt"/>
        <line num="11" count="1" type="cond" truecount="4" falsecount="1"/>
        <line num="12" count="0" type="stmt"/>
        <line num="15" count="1" type="stmt"/>
        <line num="16" count="1" type="stmt"/>
        <line num="17" count="1" type="stmt"/>
        <line num="19" count="1" type="stmt"/>
        <line num="21" count="0" type="stmt"/>
      </file>
      <file name="api2Controller.ts" path="C:\Users\luisr\OneDrive\Documents\L5-Mission1\TypeScript\src\Contollers\api2Controller.ts">
        <metrics statements="9" coveredstatements="2" conditionals="3" coveredconditionals="0" methods="1" coveredmethods="0"/>
        <line num="2" count="1" type="stmt"/>
        <line num="6" count="1" type="stmt"/>
        <line num="7" count="0" type="stmt"/>
        <line num="8" count="0" type="stmt"/>
        <line num="10" count="0" type="cond" truecount="0" falsecount="3"/>
        <line num="11" count="0" type="stmt"/>
        <line num="14" count="0" type="stmt"/>
        <line num="15" count="0" type="stmt"/>
        <line num="17" count="0" type="stmt"/>
      </file>
      <file name="api3Contoller.ts" path="C:\Users\luisr\OneDrive\Documents\L5-Mission1\TypeScript\src\Contollers\api3Contoller.ts">
        <metrics statements="8" coveredstatements="2" conditionals="0" coveredconditionals="0" methods="1" coveredmethods="0"/>
        <line num="2" count="1" type="stmt"/>
        <line num="6" count="1" type="stmt"/>
        <line num="7" count="0" type="stmt"/>
        <line num="8" count="0" type="stmt"/>
        <line num="9" count="0" type="stmt"/>
        <line num="12" count="0" type="stmt"/>
        <line num="13" count="0" type="stmt"/>
        <line num="15" count="0" type="stmt"/>
      </file>
    </package>
    <package name="src.Routes">
      <metrics statements="9" coveredstatements="9" conditionals="0" coveredconditionals="0" methods="0" coveredmethods="0"/>
      <file name="routes.ts" path="C:\Users\luisr\OneDrive\Documents\L5-Mission1\TypeScript\src\Routes\routes.ts">
        <metrics statements="9" coveredstatements="9" conditionals="0" coveredconditionals="0" methods="0" coveredmethods="0"/>
        <line num="1" count="1" type="stmt"/>
        <line num="2" count="1" type="stmt"/>
        <line num="3" count="1" type="stmt"/>
        <line num="4" count="1" type="stmt"/>
        <line num="6" count="1" type="stmt"/>
        <line num="8" count="1" type="stmt"/>
        <line num="9" count="1" type="stmt"/>
        <line num="10" count="1" type="stmt"/>
        <line num="12" count="1" type="stmt"/>
      </file>
    </package>
    <package name="src.Services">
      <metrics statements="25" coveredstatements="25" conditionals="3" coveredconditionals="3" methods="5" coveredmethods="5"/>
      <file name="countKeywords.ts" path="C:\Users\luisr\OneDrive\Documents\L5-Mission1\TypeScript\src\Services\countKeywords.ts">
        <metrics statements="8" coveredstatements="8" conditionals="0" coveredconditionals="0" methods="2" coveredmethods="2"/>
        <line num="2" count="2" type="stmt"/>
        <line num="3" count="1" type="stmt"/>
        <line num="4" count="1" type="stmt"/>
        <line num="6" count="1" type="stmt"/>
        <line num="7" count="1" type="stmt"/>
        <line num="8" count="50" type="stmt"/>
        <line num="12" count="1" type="stmt"/>
        <line num="14" count="1" type="stmt"/>
      </file>
      <file name="indexOfAlphabet.ts" path="C:\Users\luisr\OneDrive\Documents\L5-Mission1\TypeScript\src\Services\indexOfAlphabet.ts">
        <metrics statements="9" coveredstatements="9" conditionals="3" coveredconditionals="3" methods="1" coveredmethods="1"/>
        <line num="2" count="2" type="stmt"/>
        <line num="3" count="2" type="stmt"/>
        <line num="4" count="2" type="stmt"/>
        <line num="6" count="2" type="stmt"/>
        <line num="7" count="10" type="stmt"/>
        <line num="8" count="10" type="stmt"/>
        <line num="9" count="10" type="cond" truecount="3" falsecount="0"/>
        <line num="10" count="10" type="stmt"/>
        <line num="14" count="2" type="stmt"/>
      </file>
      <file name="premiumCalculator.ts" path="C:\Users\luisr\OneDrive\Documents\L5-Mission1\TypeScript\src\Services\premiumCalculator.ts">
        <metrics statements="3" coveredstatements="3" conditionals="0" coveredconditionals="0" methods="1" coveredmethods="1"/>
        <line num="2" count="2" type="stmt"/>
        <line num="3" count="1" type="stmt"/>
        <line num="4" count="1" type="stmt"/>
      </file>
      <file name="sumArrayValues.ts" path="C:\Users\luisr\OneDrive\Documents\L5-Mission1\TypeScript\src\Services\sumArrayValues.ts">
        <metrics statements="5" coveredstatements="5" conditionals="0" coveredconditionals="0" methods="1" coveredmethods="1"/>
        <line num="2" count="2" type="stmt"/>
        <line num="3" count="2" type="stmt"/>
        <line num="4" count="2" type="stmt"/>
        <line num="5" count="10" type="stmt"/>
        <line num="7" count="2" type="stmt"/>
      </file>
    </package>
  </project>
</coverage>
