{"C:\\Users\\luisr\\OneDrive\\Documents\\L5-Mission1\\TypeScript\\src\\app.ts": {"path":"C:\\Users\\luisr\\OneDrive\\Documents\\L5-Mission1\\TypeScript\\src\\app.ts","statementMap":{"0":{"start":{"line":1,"column":0},"end":{"line":1,"column":30}},"1":{"start":{"line":2,"column":0},"end":{"line":2,"column":36}},"2":{"start":{"line":4,"column":15},"end":{"line":4,"column":24}},"3":{"start":{"line":5,"column":0},"end":{"line":5,"column":27}},"4":{"start":{"line":6,"column":0},"end":{"line":6,"column":28}},"5":{"start":{"line":7,"column":0},"end":{"line":7,"column":16}},"6":{"start":{"line":9,"column":13},"end":{"line":9,"column":37}},"7":{"start":{"line":12,"column":0},"end":{"line":12,"column":null}},"8":{"start":{"line":15,"column":0},"end":{"line":17,"column":3}},"9":{"start":{"line":16,"column":2},"end":{"line":16,"column":62}},"10":{"start":{"line":19,"column":0},"end":{"line":19,"column":22}}},"fnMap":{"0":{"name":"(anonymous_1)","decl":{"start":{"line":15,"column":20},"end":{"line":15,"column":23}},"loc":{"start":{"line":15,"column":25},"end":{"line":17,"column":1}}}},"branchMap":{"0":{"loc":{"start":{"line":9,"column":13},"end":{"line":9,"column":37}},"type":"binary-expr","locations":[{"start":{"line":9,"column":13},"end":{"line":9,"column":29}},{"start":{"line":9,"column":33},"end":{"line":9,"column":37}}]}},"s":{"0":1,"1":1,"2":1,"3":1,"4":1,"5":1,"6":1,"7":1,"8":1,"9":1,"10":1},"f":{"0":1},"b":{"0":[1,0]}}
,"C:\\Users\\luisr\\OneDrive\\Documents\\L5-Mission1\\TypeScript\\src\\Contollers\\api1Controller.ts": {"path":"C:\\Users\\luisr\\OneDrive\\Documents\\L5-Mission1\\TypeScript\\src\\Contollers\\api1Controller.ts","statementMap":{"0":{"start":{"line":2,"column":0},"end":{"line":2,"column":62}},"1":{"start":{"line":3,"column":0},"end":{"line":3,"column":60}},"2":{"start":{"line":7,"column":28},"end":{"line":23,"column":1}},"3":{"start":{"line":8,"column":2},"end":{"line":22,"column":null}},"4":{"start":{"line":9,"column":28},"end":{"line":9,"column":36}},"5":{"start":{"line":11,"column":4},"end":{"line":13,"column":null}},"6":{"start":{"line":12,"column":6},"end":{"line":12,"column":62}},"7":{"start":{"line":15,"column":25},"end":{"line":15,"column":47}},"8":{"start":{"line":16,"column":21},"end":{"line":16,"column":49}},"9":{"start":{"line":17,"column":21},"end":{"line":17,"column":42}},"10":{"start":{"line":19,"column":4},"end":{"line":19,"column":45}},"11":{"start":{"line":21,"column":4},"end":{"line":21,"column":64}},"12":{"start":{"line":7,"column":17},"end":{"line":7,"column":28}}},"fnMap":{"0":{"name":"(anonymous_0)","decl":{"start":{"line":7,"column":28},"end":{"line":7,"column":29}},"loc":{"start":{"line":7,"column":60},"end":{"line":23,"column":1}}}},"branchMap":{"0":{"loc":{"start":{"line":11,"column":4},"end":{"line":13,"column":null}},"type":"if","locations":[{"start":{"line":11,"column":4},"end":{"line":13,"column":null}}]},"1":{"loc":{"start":{"line":11,"column":8},"end":{"line":11,"column":64}},"type":"binary-expr","locations":[{"start":{"line":11,"column":8},"end":{"line":11,"column":14}},{"start":{"line":11,"column":18},"end":{"line":11,"column":23}},{"start":{"line":11,"column":27},"end":{"line":11,"column":51}},{"start":{"line":11,"column":55},"end":{"line":11,"column":64}}]}},"s":{"0":1,"1":1,"2":1,"3":1,"4":1,"5":1,"6":0,"7":1,"8":1,"9":1,"10":1,"11":0,"12":1},"f":{"0":1},"b":{"0":[0],"1":[1,1,1,1]}}
,"C:\\Users\\luisr\\OneDrive\\Documents\\L5-Mission1\\TypeScript\\src\\Contollers\\api2Controller.ts": {"path":"C:\\Users\\luisr\\OneDrive\\Documents\\L5-Mission1\\TypeScript\\src\\Contollers\\api2Controller.ts","statementMap":{"0":{"start":{"line":2,"column":0},"end":{"line":2,"column":58}},"1":{"start":{"line":6,"column":30},"end":{"line":19,"column":1}},"2":{"start":{"line":7,"column":2},"end":{"line":18,"column":null}},"3":{"start":{"line":8,"column":30},"end":{"line":8,"column":38}},"4":{"start":{"line":10,"column":4},"end":{"line":12,"column":null}},"5":{"start":{"line":11,"column":6},"end":{"line":11,"column":39}},"6":{"start":{"line":14,"column":23},"end":{"line":14,"column":51}},"7":{"start":{"line":15,"column":4},"end":{"line":15,"column":42}},"8":{"start":{"line":17,"column":4},"end":{"line":17,"column":57}},"9":{"start":{"line":6,"column":17},"end":{"line":6,"column":30}}},"fnMap":{"0":{"name":"(anonymous_0)","decl":{"start":{"line":6,"column":30},"end":{"line":6,"column":31}},"loc":{"start":{"line":6,"column":62},"end":{"line":19,"column":1}}}},"branchMap":{"0":{"loc":{"start":{"line":10,"column":4},"end":{"line":12,"column":null}},"type":"if","locations":[{"start":{"line":10,"column":4},"end":{"line":12,"column":null}}]},"1":{"loc":{"start":{"line":10,"column":8},"end":{"line":10,"column":59}},"type":"binary-expr","locations":[{"start":{"line":10,"column":8},"end":{"line":10,"column":22}},{"start":{"line":10,"column":26},"end":{"line":10,"column":59}}]}},"s":{"0":1,"1":1,"2":0,"3":0,"4":0,"5":0,"6":0,"7":0,"8":0,"9":1},"f":{"0":0},"b":{"0":[0],"1":[0,0]}}
,"C:\\Users\\luisr\\OneDrive\\Documents\\L5-Mission1\\TypeScript\\src\\Contollers\\api3Contoller.ts": {"path":"C:\\Users\\luisr\\OneDrive\\Documents\\L5-Mission1\\TypeScript\\src\\Contollers\\api3Contoller.ts","statementMap":{"0":{"start":{"line":2,"column":0},"end":{"line":2,"column":66}},"1":{"start":{"line":6,"column":30},"end":{"line":17,"column":1}},"2":{"start":{"line":7,"column":2},"end":{"line":16,"column":null}},"3":{"start":{"line":8,"column":39},"end":{"line":8,"column":47}},"4":{"start":{"line":9,"column":27},"end":{"line":10,"column":null}},"5":{"start":{"line":12,"column":28},"end":{"line":12,"column":68}},"6":{"start":{"line":13,"column":4},"end":{"line":13,"column":50}},"7":{"start":{"line":15,"column":4},"end":{"line":15,"column":57}},"8":{"start":{"line":6,"column":17},"end":{"line":6,"column":30}}},"fnMap":{"0":{"name":"(anonymous_0)","decl":{"start":{"line":6,"column":30},"end":{"line":6,"column":31}},"loc":{"start":{"line":6,"column":62},"end":{"line":17,"column":1}}}},"branchMap":{},"s":{"0":1,"1":1,"2":0,"3":0,"4":0,"5":0,"6":0,"7":0,"8":1},"f":{"0":0},"b":{}}
,"C:\\Users\\luisr\\OneDrive\\Documents\\L5-Mission1\\TypeScript\\src\\Routes\\routes.ts": {"path":"C:\\Users\\luisr\\OneDrive\\Documents\\L5-Mission1\\TypeScript\\src\\Routes\\routes.ts","statementMap":{"0":{"start":{"line":1,"column":0},"end":{"line":1,"column":30}},"1":{"start":{"line":2,"column":0},"end":{"line":2,"column":56}},"2":{"start":{"line":3,"column":0},"end":{"line":3,"column":58}},"3":{"start":{"line":4,"column":0},"end":{"line":4,"column":57}},"4":{"start":{"line":6,"column":15},"end":{"line":6,"column":31}},"5":{"start":{"line":8,"column":0},"end":{"line":8,"column":35}},"6":{"start":{"line":9,"column":0},"end":{"line":9,"column":39}},"7":{"start":{"line":10,"column":0},"end":{"line":10,"column":39}},"8":{"start":{"line":12,"column":0},"end":{"line":12,"column":22}}},"fnMap":{},"branchMap":{},"s":{"0":1,"1":1,"2":1,"3":1,"4":1,"5":1,"6":1,"7":1,"8":1},"f":{},"b":{}}
,"C:\\Users\\luisr\\OneDrive\\Documents\\L5-Mission1\\TypeScript\\src\\Services\\countKeywords.ts": {"path":"C:\\Users\\luisr\\OneDrive\\Documents\\L5-Mission1\\TypeScript\\src\\Services\\countKeywords.ts","statementMap":{"0":{"start":{"line":3,"column":19},"end":{"line":3,"column":67}},"1":{"start":{"line":4,"column":20},"end":{"line":4,"column":51}},"2":{"start":{"line":6,"column":14},"end":{"line":6,"column":15}},"3":{"start":{"line":7,"column":2},"end":{"line":9,"column":null}},"4":{"start":{"line":8,"column":4},"end":{"line":8,"column":65}},"5":{"start":{"line":8,"column":37},"end":{"line":8,"column":56}},"6":{"start":{"line":12,"column":2},"end":{"line":12,"column":42}},"7":{"start":{"line":14,"column":2},"end":{"line":14,"column":15}},"8":{"start":{"line":2,"column":0},"end":{"line":2,"column":16}}},"fnMap":{"0":{"name":"countKeywords","decl":{"start":{"line":2,"column":16},"end":{"line":2,"column":29}},"loc":{"start":{"line":2,"column":42},"end":{"line":15,"column":1}}},"1":{"name":"(anonymous_1)","decl":{"start":{"line":8,"column":30},"end":{"line":8,"column":31}},"loc":{"start":{"line":8,"column":37},"end":{"line":8,"column":56}}}},"branchMap":{},"s":{"0":1,"1":1,"2":1,"3":1,"4":5,"5":50,"6":1,"7":1,"8":2},"f":{"0":1,"1":50},"b":{}}
,"C:\\Users\\luisr\\OneDrive\\Documents\\L5-Mission1\\TypeScript\\src\\Services\\indexOfAlphabet.ts": {"path":"C:\\Users\\luisr\\OneDrive\\Documents\\L5-Mission1\\TypeScript\\src\\Services\\indexOfAlphabet.ts","statementMap":{"0":{"start":{"line":3,"column":24},"end":{"line":3,"column":52}},"1":{"start":{"line":4,"column":35},"end":{"line":4,"column":37}},"2":{"start":{"line":6,"column":2},"end":{"line":12,"column":null}},"3":{"start":{"line":6,"column":15},"end":{"line":6,"column":16}},"4":{"start":{"line":7,"column":27},"end":{"line":7,"column":52}},"5":{"start":{"line":8,"column":21},"end":{"line":8,"column":62}},"6":{"start":{"line":9,"column":4},"end":{"line":11,"column":null}},"7":{"start":{"line":10,"column":6},"end":{"line":10,"column":36}},"8":{"start":{"line":14,"column":2},"end":{"line":14,"column":24}},"9":{"start":{"line":2,"column":0},"end":{"line":2,"column":16}}},"fnMap":{"0":{"name":"indexOfAlphabet","decl":{"start":{"line":2,"column":16},"end":{"line":2,"column":31}},"loc":{"start":{"line":2,"column":48},"end":{"line":15,"column":1}}}},"branchMap":{"0":{"loc":{"start":{"line":9,"column":4},"end":{"line":11,"column":null}},"type":"if","locations":[{"start":{"line":9,"column":4},"end":{"line":11,"column":null}}]},"1":{"loc":{"start":{"line":9,"column":8},"end":{"line":9,"column":39}},"type":"binary-expr","locations":[{"start":{"line":9,"column":8},"end":{"line":9,"column":21}},{"start":{"line":9,"column":25},"end":{"line":9,"column":39}}]}},"s":{"0":2,"1":2,"2":2,"3":2,"4":10,"5":10,"6":10,"7":10,"8":2,"9":2},"f":{"0":2},"b":{"0":[10],"1":[10,10]}}
,"C:\\Users\\luisr\\OneDrive\\Documents\\L5-Mission1\\TypeScript\\src\\Services\\premiumCalculator.ts": {"path":"C:\\Users\\luisr\\OneDrive\\Documents\\L5-Mission1\\TypeScript\\src\\Services\\premiumCalculator.ts","statementMap":{"0":{"start":{"line":3,"column":18},"end":{"line":3,"column":59}},"1":{"start":{"line":4,"column":2},"end":{"line":4,"column":17}},"2":{"start":{"line":2,"column":0},"end":{"line":2,"column":16}}},"fnMap":{"0":{"name":"premiumCalculator","decl":{"start":{"line":2,"column":16},"end":{"line":2,"column":33}},"loc":{"start":{"line":2,"column":61},"end":{"line":5,"column":1}}}},"branchMap":{},"s":{"0":1,"1":1,"2":2},"f":{"0":1},"b":{}}
,"C:\\Users\\luisr\\OneDrive\\Documents\\L5-Mission1\\TypeScript\\src\\Services\\sumArrayValues.ts": {"path":"C:\\Users\\luisr\\OneDrive\\Documents\\L5-Mission1\\TypeScript\\src\\Services\\sumArrayValues.ts","statementMap":{"0":{"start":{"line":3,"column":12},"end":{"line":3,"column":13}},"1":{"start":{"line":4,"column":2},"end":{"line":6,"column":null}},"2":{"start":{"line":4,"column":15},"end":{"line":4,"column":16}},"3":{"start":{"line":5,"column":4},"end":{"line":5,"column":20}},"4":{"start":{"line":7,"column":2},"end":{"line":7,"column":13}},"5":{"start":{"line":2,"column":0},"end":{"line":2,"column":16}}},"fnMap":{"0":{"name":"sumArrayValues","decl":{"start":{"line":2,"column":16},"end":{"line":2,"column":30}},"loc":{"start":{"line":2,"column":46},"end":{"line":8,"column":1}}}},"branchMap":{},"s":{"0":2,"1":2,"2":2,"3":10,"4":2,"5":2},"f":{"0":2},"b":{}}
}
