TN:
SF:src\app.ts
FN:15,(anonymous_1)
FNF:1
FNH:1
FNDA:1,(anonymous_1)
DA:1,1
DA:2,1
DA:4,1
DA:5,1
DA:6,1
DA:7,1
DA:9,1
DA:12,1
DA:15,1
DA:16,1
DA:19,1
LF:11
LH:11
BRDA:9,0,0,1
BRDA:9,0,1,0
BRF:2
BRH:1
end_of_record
TN:
SF:src\Contollers\api1Controller.ts
FN:7,(anonymous_0)
FNF:1
FNH:1
FNDA:1,(anonymous_0)
DA:2,1
DA:3,1
DA:7,1
DA:8,1
DA:9,1
DA:11,1
DA:12,0
DA:15,1
DA:16,1
DA:17,1
DA:19,1
DA:21,0
LF:12
LH:10
BRDA:11,0,0,0
BRDA:11,1,0,1
BRDA:11,1,1,1
BRDA:11,1,2,1
BRDA:11,1,3,1
BRF:5
BRH:4
end_of_record
TN:
SF:src\Contollers\api2Controller.ts
FN:6,(anonymous_0)
FNF:1
FNH:0
FNDA:0,(anonymous_0)
DA:2,1
DA:6,1
DA:7,0
DA:8,0
DA:10,0
DA:11,0
DA:14,0
DA:15,0
DA:17,0
LF:9
LH:2
BRDA:10,0,0,0
BRDA:10,1,0,0
BRDA:10,1,1,0
BRF:3
BRH:0
end_of_record
TN:
SF:src\Contollers\api3Contoller.ts
FN:6,(anonymous_0)
FNF:1
FNH:0
FNDA:0,(anonymous_0)
DA:2,1
DA:6,1
DA:7,0
DA:8,0
DA:9,0
DA:12,0
DA:13,0
DA:15,0
LF:8
LH:2
BRF:0
BRH:0
end_of_record
TN:
SF:src\Routes\routes.ts
FNF:0
FNH:0
DA:1,1
DA:2,1
DA:3,1
DA:4,1
DA:6,1
DA:8,1
DA:9,1
DA:10,1
DA:12,1
LF:9
LH:9
BRF:0
BRH:0
end_of_record
TN:
SF:src\Services\countKeywords.ts
FN:2,countKeywords
FN:8,(anonymous_1)
FNF:2
FNH:2
FNDA:1,countKeywords
FNDA:50,(anonymous_1)
DA:2,2
DA:3,1
DA:4,1
DA:6,1
DA:7,1
DA:8,50
DA:12,1
DA:14,1
LF:8
LH:8
BRF:0
BRH:0
end_of_record
TN:
SF:src\Services\indexOfAlphabet.ts
FN:2,indexOfAlphabet
FNF:1
FNH:1
FNDA:2,indexOfAlphabet
DA:2,2
DA:3,2
DA:4,2
DA:6,2
DA:7,10
DA:8,10
DA:9,10
DA:10,10
DA:14,2
LF:9
LH:9
BRDA:9,0,0,10
BRDA:9,1,0,10
BRDA:9,1,1,10
BRF:3
BRH:3
end_of_record
TN:
SF:src\Services\premiumCalculator.ts
FN:2,premiumCalculator
FNF:1
FNH:1
FNDA:1,premiumCalculator
DA:2,2
DA:3,1
DA:4,1
LF:3
LH:3
BRF:0
BRH:0
end_of_record
TN:
SF:src\Services\sumArrayValues.ts
FN:2,sumArrayValues
FNF:1
FNH:1
FNDA:2,sumArrayValues
DA:2,2
DA:3,2
DA:4,2
DA:5,10
DA:7,2
LF:5
LH:5
BRF:0
BRH:0
end_of_record
